<?xml version="1.0" encoding="UTF-8"?>
<testsuite name="UsernameTest" tests="1" skipped="0" failures="0" errors="0" timestamp="2022-10-14T12:05:55" hostname="LAPTOP-RFN5P7ES" time="0.038">
  <properties/>
  <testcase name="testUsername()" classname="UsernameTest" time="0.038"/>
  <system-out><![CDATA[]]></system-out>
  <system-err><![CDATA[]]></system-err>
</testsuite>
